<?xml version="1.0" encoding="UTF-8"?>
<!-- Generated by org.testng.reporters.JUnitReportReporter -->
<testsuite hostname="TYSS-Sumanth" failures="0" tests="1" name="testDataSample.SampleDataProvider" time="0.000" errors="0" timestamp="2022-11-29T11:27:31 IST" skipped="1">
  <testcase classname="testDataSample.SampleDataProvider" name="registerUser" time="0.000">
    <skipped/>
  </testcase> <!-- registerUser -->
  <system-out/>
</testsuite> <!-- testDataSample.SampleDataProvider -->
